Copyright 1986-2022 Xilinx, Inc. All Rights Reserved. Copyright 2022-2024 Advanced Micro Devices, Inc. All Rights Reserved.
---------------------------------------------------------------------------------------------------------------------------------------------
| Tool Version : Vivado v.2024.1 (win64) Build 5076996 Wed May 22 18:37:14 MDT 2024
| Date         : Thu Oct 17 12:21:53 2024
| Host         : DESKTOP-26ONRPF running 64-bit major release  (build 9200)
| Command      : report_drc -file DAC_MODULE_drc_opted.rpt -pb DAC_MODULE_drc_opted.pb -rpx DAC_MODULE_drc_opted.rpx
| Design       : DAC_MODULE
| Device       : xc7a35tcpg236-1
| Speed File   : -1
| Design State : Synthesized
---------------------------------------------------------------------------------------------------------------------------------------------

Report DRC

Table of Contents
-----------------
1. REPORT SUMMARY
2. REPORT DETAILS

1. REPORT SUMMARY
-----------------
            Netlist: netlist
          Floorplan: checkpoint_DAC_MODULE
      Design limits: <entire design considered>
           Ruledeck: default
             Max violations: <unlimited>
             Violations found: 2
+-------------+----------+-------------------------------------------------------------+------------+
| Rule        | Severity | Description                                                 | Violations |
+-------------+----------+-------------------------------------------------------------+------------+
| CFGBVS-1    | Warning  | Missing CFGBVS and CONFIG_VOLTAGE Design Properties         | 1          |
| PLHOLDVIO-2 | Warning  | Non-Optimal connections which could lead to hold violations | 1          |
+-------------+----------+-------------------------------------------------------------+------------+

2. REPORT DETAILS
-----------------
CFGBVS-1#1 Warning
Missing CFGBVS and CONFIG_VOLTAGE Design Properties  
Neither the CFGBVS nor CONFIG_VOLTAGE voltage property is set in the current_design.  Configuration bank voltage select (CFGBVS) must be set to VCCO or GND, and CONFIG_VOLTAGE must be set to the correct configuration voltage, in order to determine the I/O voltage support for the pins in bank 0.  It is suggested to specify these either using the 'Edit Device Properties' function in the GUI or directly in the XDC file using the following syntax:

 set_property CFGBVS value1 [current_design]
 #where value1 is either VCCO or GND

 set_property CONFIG_VOLTAGE value2 [current_design]
 #where value2 is the voltage provided to configuration bank 0

Refer to the device configuration user guide for more information.
Related violations: <none>

PLHOLDVIO-2#1 Warning
Non-Optimal connections which could lead to hold violations  
A LUT DAC_Prescaler1/Ext_CLK_TO_DAC_OBUF_inst_i_1 is driving clock pin of 17 cells. This could lead to large hold time violations. Involved cells are:
DAC_DATA_Converter1/sig_f_out_reg[16],
DAC_DATA_Converter1/sig_f_out_reg[17],
DAC_DATA_Converter1/sig_f_out_reg[18],
DAC_DATA_Converter1/sig_f_out_reg[19],
DAC_DATA_Converter1/sig_f_out_reg[20],
DAC_DATA_Converter1/sig_f_out_reg[21],
DAC_DATA_Converter1/sig_f_out_reg[22],
DAC_DATA_Converter1/sig_f_out_reg[23],
DAC_DATA_Converter1/sig_f_out_reg[24],
DAC_DATA_Converter1/sig_f_out_reg[25],
DAC_DATA_Converter1/sig_f_out_reg[26],
DAC_DATA_Converter1/sig_f_out_reg[27],
DAC_DATA_Converter1/sig_f_out_reg[28],
DAC_DATA_Converter1/sig_f_out_reg[29],
DAC_DATA_Converter1/sig_f_out_reg[30] (the first 15 of 17 listed)
Related violations: <none>


