Copyright 1986-2022 Xilinx, Inc. All Rights Reserved. Copyright 2022-2024 Advanced Micro Devices, Inc. All Rights Reserved.
--------------------------------------------------------------------------------------------------------------------------------------------------------
| Tool Version : Vivado v.2024.1 (win64) Build 5076996 Wed May 22 18:37:14 MDT 2024
| Date         : Sat Nov 16 19:04:05 2024
| Host         : DESKTOP-26ONRPF running 64-bit major release  (build 9200)
| Command      : report_methodology -file MASTER_methodology_drc_routed.rpt -pb MASTER_methodology_drc_routed.pb -rpx MASTER_methodology_drc_routed.rpx
| Design       : MASTER
| Device       : xc7a35tcpg236-1
| Speed File   : -1
| Design State : Fully Routed
--------------------------------------------------------------------------------------------------------------------------------------------------------

Report Methodology

Table of Contents
-----------------
1. REPORT SUMMARY
2. REPORT DETAILS

1. REPORT SUMMARY
-----------------
            Netlist: netlist
          Floorplan: design_1
      Design limits: <entire design considered>
             Max violations: <unlimited>
             Violations found: 170
+-----------+------------------+------------------------------+------------+
| Rule      | Severity         | Description                  | Violations |
+-----------+------------------+------------------------------+------------+
| TIMING-17 | Critical Warning | Non-clocked sequential cell  | 169        |
| LUTAR-1   | Warning          | LUT drives async reset alert | 1          |
+-----------+------------------+------------------------------+------------+

2. REPORT DETAILS
-----------------
TIMING-17#1 Critical Warning
Non-clocked sequential cell  
The clock pin RSMPL/BUFGCE_inst/I0 is not reached by a timing clock
Related violations: <none>

TIMING-17#2 Critical Warning
Non-clocked sequential cell  
The clock pin RSMPL/r_dds_clk_count_reg[0]/C is not reached by a timing clock
Related violations: <none>

TIMING-17#3 Critical Warning
Non-clocked sequential cell  
The clock pin RSMPL/r_dds_clk_count_reg[10]/C is not reached by a timing clock
Related violations: <none>

TIMING-17#4 Critical Warning
Non-clocked sequential cell  
The clock pin RSMPL/r_dds_clk_count_reg[11]/C is not reached by a timing clock
Related violations: <none>

TIMING-17#5 Critical Warning
Non-clocked sequential cell  
The clock pin RSMPL/r_dds_clk_count_reg[12]/C is not reached by a timing clock
Related violations: <none>

TIMING-17#6 Critical Warning
Non-clocked sequential cell  
The clock pin RSMPL/r_dds_clk_count_reg[13]/C is not reached by a timing clock
Related violations: <none>

TIMING-17#7 Critical Warning
Non-clocked sequential cell  
The clock pin RSMPL/r_dds_clk_count_reg[14]/C is not reached by a timing clock
Related violations: <none>

TIMING-17#8 Critical Warning
Non-clocked sequential cell  
The clock pin RSMPL/r_dds_clk_count_reg[1]/C is not reached by a timing clock
Related violations: <none>

TIMING-17#9 Critical Warning
Non-clocked sequential cell  
The clock pin RSMPL/r_dds_clk_count_reg[2]/C is not reached by a timing clock
Related violations: <none>

TIMING-17#10 Critical Warning
Non-clocked sequential cell  
The clock pin RSMPL/r_dds_clk_count_reg[3]/C is not reached by a timing clock
Related violations: <none>

TIMING-17#11 Critical Warning
Non-clocked sequential cell  
The clock pin RSMPL/r_dds_clk_count_reg[4]/C is not reached by a timing clock
Related violations: <none>

TIMING-17#12 Critical Warning
Non-clocked sequential cell  
The clock pin RSMPL/r_dds_clk_count_reg[5]/C is not reached by a timing clock
Related violations: <none>

TIMING-17#13 Critical Warning
Non-clocked sequential cell  
The clock pin RSMPL/r_dds_clk_count_reg[6]/C is not reached by a timing clock
Related violations: <none>

TIMING-17#14 Critical Warning
Non-clocked sequential cell  
The clock pin RSMPL/r_dds_clk_count_reg[7]/C is not reached by a timing clock
Related violations: <none>

TIMING-17#15 Critical Warning
Non-clocked sequential cell  
The clock pin RSMPL/r_dds_clk_count_reg[8]/C is not reached by a timing clock
Related violations: <none>

TIMING-17#16 Critical Warning
Non-clocked sequential cell  
The clock pin RSMPL/r_dds_clk_count_reg[9]/C is not reached by a timing clock
Related violations: <none>

TIMING-17#17 Critical Warning
Non-clocked sequential cell  
The clock pin RSMPL/r_dds_done_count_reg/C is not reached by a timing clock
Related violations: <none>

TIMING-17#18 Critical Warning
Non-clocked sequential cell  
The clock pin RSMPL/r_dds_frq_word_reg[15]/C is not reached by a timing clock
Related violations: <none>

TIMING-17#19 Critical Warning
Non-clocked sequential cell  
The clock pin RSMPL/r_dds_mux_enable_reg/C is not reached by a timing clock
Related violations: <none>

TIMING-17#20 Critical Warning
Non-clocked sequential cell  
The clock pin RSMPL/r_run_sampler_reg/C is not reached by a timing clock
Related violations: <none>

TIMING-17#21 Critical Warning
Non-clocked sequential cell  
The clock pin RSMPL/sample_clk/U0/i_synth/i_dds/I_PHASEGEN.i_conventional_accum.i_accum/i_fabric.i_common.i_phase_acc/opt_has_pipe.first_q_reg[0]/C is not reached by a timing clock
Related violations: <none>

TIMING-17#22 Critical Warning
Non-clocked sequential cell  
The clock pin RSMPL/sample_clk/U0/i_synth/i_dds/I_PHASEGEN.i_conventional_accum.i_accum/i_fabric.i_common.i_phase_acc/opt_has_pipe.first_q_reg[10]/C is not reached by a timing clock
Related violations: <none>

TIMING-17#23 Critical Warning
Non-clocked sequential cell  
The clock pin RSMPL/sample_clk/U0/i_synth/i_dds/I_PHASEGEN.i_conventional_accum.i_accum/i_fabric.i_common.i_phase_acc/opt_has_pipe.first_q_reg[11]/C is not reached by a timing clock
Related violations: <none>

TIMING-17#24 Critical Warning
Non-clocked sequential cell  
The clock pin RSMPL/sample_clk/U0/i_synth/i_dds/I_PHASEGEN.i_conventional_accum.i_accum/i_fabric.i_common.i_phase_acc/opt_has_pipe.first_q_reg[12]/C is not reached by a timing clock
Related violations: <none>

TIMING-17#25 Critical Warning
Non-clocked sequential cell  
The clock pin RSMPL/sample_clk/U0/i_synth/i_dds/I_PHASEGEN.i_conventional_accum.i_accum/i_fabric.i_common.i_phase_acc/opt_has_pipe.first_q_reg[13]/C is not reached by a timing clock
Related violations: <none>

TIMING-17#26 Critical Warning
Non-clocked sequential cell  
The clock pin RSMPL/sample_clk/U0/i_synth/i_dds/I_PHASEGEN.i_conventional_accum.i_accum/i_fabric.i_common.i_phase_acc/opt_has_pipe.first_q_reg[14]/C is not reached by a timing clock
Related violations: <none>

TIMING-17#27 Critical Warning
Non-clocked sequential cell  
The clock pin RSMPL/sample_clk/U0/i_synth/i_dds/I_PHASEGEN.i_conventional_accum.i_accum/i_fabric.i_common.i_phase_acc/opt_has_pipe.first_q_reg[15]/C is not reached by a timing clock
Related violations: <none>

TIMING-17#28 Critical Warning
Non-clocked sequential cell  
The clock pin RSMPL/sample_clk/U0/i_synth/i_dds/I_PHASEGEN.i_conventional_accum.i_accum/i_fabric.i_common.i_phase_acc/opt_has_pipe.first_q_reg[16]/C is not reached by a timing clock
Related violations: <none>

TIMING-17#29 Critical Warning
Non-clocked sequential cell  
The clock pin RSMPL/sample_clk/U0/i_synth/i_dds/I_PHASEGEN.i_conventional_accum.i_accum/i_fabric.i_common.i_phase_acc/opt_has_pipe.first_q_reg[17]/C is not reached by a timing clock
Related violations: <none>

TIMING-17#30 Critical Warning
Non-clocked sequential cell  
The clock pin RSMPL/sample_clk/U0/i_synth/i_dds/I_PHASEGEN.i_conventional_accum.i_accum/i_fabric.i_common.i_phase_acc/opt_has_pipe.first_q_reg[18]/C is not reached by a timing clock
Related violations: <none>

TIMING-17#31 Critical Warning
Non-clocked sequential cell  
The clock pin RSMPL/sample_clk/U0/i_synth/i_dds/I_PHASEGEN.i_conventional_accum.i_accum/i_fabric.i_common.i_phase_acc/opt_has_pipe.first_q_reg[19]/C is not reached by a timing clock
Related violations: <none>

TIMING-17#32 Critical Warning
Non-clocked sequential cell  
The clock pin RSMPL/sample_clk/U0/i_synth/i_dds/I_PHASEGEN.i_conventional_accum.i_accum/i_fabric.i_common.i_phase_acc/opt_has_pipe.first_q_reg[1]/C is not reached by a timing clock
Related violations: <none>

TIMING-17#33 Critical Warning
Non-clocked sequential cell  
The clock pin RSMPL/sample_clk/U0/i_synth/i_dds/I_PHASEGEN.i_conventional_accum.i_accum/i_fabric.i_common.i_phase_acc/opt_has_pipe.first_q_reg[20]/C is not reached by a timing clock
Related violations: <none>

TIMING-17#34 Critical Warning
Non-clocked sequential cell  
The clock pin RSMPL/sample_clk/U0/i_synth/i_dds/I_PHASEGEN.i_conventional_accum.i_accum/i_fabric.i_common.i_phase_acc/opt_has_pipe.first_q_reg[21]/C is not reached by a timing clock
Related violations: <none>

TIMING-17#35 Critical Warning
Non-clocked sequential cell  
The clock pin RSMPL/sample_clk/U0/i_synth/i_dds/I_PHASEGEN.i_conventional_accum.i_accum/i_fabric.i_common.i_phase_acc/opt_has_pipe.first_q_reg[22]/C is not reached by a timing clock
Related violations: <none>

TIMING-17#36 Critical Warning
Non-clocked sequential cell  
The clock pin RSMPL/sample_clk/U0/i_synth/i_dds/I_PHASEGEN.i_conventional_accum.i_accum/i_fabric.i_common.i_phase_acc/opt_has_pipe.first_q_reg[23]/C is not reached by a timing clock
Related violations: <none>

TIMING-17#37 Critical Warning
Non-clocked sequential cell  
The clock pin RSMPL/sample_clk/U0/i_synth/i_dds/I_PHASEGEN.i_conventional_accum.i_accum/i_fabric.i_common.i_phase_acc/opt_has_pipe.first_q_reg[24]/C is not reached by a timing clock
Related violations: <none>

TIMING-17#38 Critical Warning
Non-clocked sequential cell  
The clock pin RSMPL/sample_clk/U0/i_synth/i_dds/I_PHASEGEN.i_conventional_accum.i_accum/i_fabric.i_common.i_phase_acc/opt_has_pipe.first_q_reg[25]/C is not reached by a timing clock
Related violations: <none>

TIMING-17#39 Critical Warning
Non-clocked sequential cell  
The clock pin RSMPL/sample_clk/U0/i_synth/i_dds/I_PHASEGEN.i_conventional_accum.i_accum/i_fabric.i_common.i_phase_acc/opt_has_pipe.first_q_reg[26]/C is not reached by a timing clock
Related violations: <none>

TIMING-17#40 Critical Warning
Non-clocked sequential cell  
The clock pin RSMPL/sample_clk/U0/i_synth/i_dds/I_PHASEGEN.i_conventional_accum.i_accum/i_fabric.i_common.i_phase_acc/opt_has_pipe.first_q_reg[27]/C is not reached by a timing clock
Related violations: <none>

TIMING-17#41 Critical Warning
Non-clocked sequential cell  
The clock pin RSMPL/sample_clk/U0/i_synth/i_dds/I_PHASEGEN.i_conventional_accum.i_accum/i_fabric.i_common.i_phase_acc/opt_has_pipe.first_q_reg[28]/C is not reached by a timing clock
Related violations: <none>

TIMING-17#42 Critical Warning
Non-clocked sequential cell  
The clock pin RSMPL/sample_clk/U0/i_synth/i_dds/I_PHASEGEN.i_conventional_accum.i_accum/i_fabric.i_common.i_phase_acc/opt_has_pipe.first_q_reg[29]/C is not reached by a timing clock
Related violations: <none>

TIMING-17#43 Critical Warning
Non-clocked sequential cell  
The clock pin RSMPL/sample_clk/U0/i_synth/i_dds/I_PHASEGEN.i_conventional_accum.i_accum/i_fabric.i_common.i_phase_acc/opt_has_pipe.first_q_reg[2]/C is not reached by a timing clock
Related violations: <none>

TIMING-17#44 Critical Warning
Non-clocked sequential cell  
The clock pin RSMPL/sample_clk/U0/i_synth/i_dds/I_PHASEGEN.i_conventional_accum.i_accum/i_fabric.i_common.i_phase_acc/opt_has_pipe.first_q_reg[30]/C is not reached by a timing clock
Related violations: <none>

TIMING-17#45 Critical Warning
Non-clocked sequential cell  
The clock pin RSMPL/sample_clk/U0/i_synth/i_dds/I_PHASEGEN.i_conventional_accum.i_accum/i_fabric.i_common.i_phase_acc/opt_has_pipe.first_q_reg[31]/C is not reached by a timing clock
Related violations: <none>

TIMING-17#46 Critical Warning
Non-clocked sequential cell  
The clock pin RSMPL/sample_clk/U0/i_synth/i_dds/I_PHASEGEN.i_conventional_accum.i_accum/i_fabric.i_common.i_phase_acc/opt_has_pipe.first_q_reg[32]/C is not reached by a timing clock
Related violations: <none>

TIMING-17#47 Critical Warning
Non-clocked sequential cell  
The clock pin RSMPL/sample_clk/U0/i_synth/i_dds/I_PHASEGEN.i_conventional_accum.i_accum/i_fabric.i_common.i_phase_acc/opt_has_pipe.first_q_reg[33]/C is not reached by a timing clock
Related violations: <none>

TIMING-17#48 Critical Warning
Non-clocked sequential cell  
The clock pin RSMPL/sample_clk/U0/i_synth/i_dds/I_PHASEGEN.i_conventional_accum.i_accum/i_fabric.i_common.i_phase_acc/opt_has_pipe.first_q_reg[34]/C is not reached by a timing clock
Related violations: <none>

TIMING-17#49 Critical Warning
Non-clocked sequential cell  
The clock pin RSMPL/sample_clk/U0/i_synth/i_dds/I_PHASEGEN.i_conventional_accum.i_accum/i_fabric.i_common.i_phase_acc/opt_has_pipe.first_q_reg[35]/C is not reached by a timing clock
Related violations: <none>

TIMING-17#50 Critical Warning
Non-clocked sequential cell  
The clock pin RSMPL/sample_clk/U0/i_synth/i_dds/I_PHASEGEN.i_conventional_accum.i_accum/i_fabric.i_common.i_phase_acc/opt_has_pipe.first_q_reg[36]/C is not reached by a timing clock
Related violations: <none>

TIMING-17#51 Critical Warning
Non-clocked sequential cell  
The clock pin RSMPL/sample_clk/U0/i_synth/i_dds/I_PHASEGEN.i_conventional_accum.i_accum/i_fabric.i_common.i_phase_acc/opt_has_pipe.first_q_reg[37]/C is not reached by a timing clock
Related violations: <none>

TIMING-17#52 Critical Warning
Non-clocked sequential cell  
The clock pin RSMPL/sample_clk/U0/i_synth/i_dds/I_PHASEGEN.i_conventional_accum.i_accum/i_fabric.i_common.i_phase_acc/opt_has_pipe.first_q_reg[38]/C is not reached by a timing clock
Related violations: <none>

TIMING-17#53 Critical Warning
Non-clocked sequential cell  
The clock pin RSMPL/sample_clk/U0/i_synth/i_dds/I_PHASEGEN.i_conventional_accum.i_accum/i_fabric.i_common.i_phase_acc/opt_has_pipe.first_q_reg[39]/C is not reached by a timing clock
Related violations: <none>

TIMING-17#54 Critical Warning
Non-clocked sequential cell  
The clock pin RSMPL/sample_clk/U0/i_synth/i_dds/I_PHASEGEN.i_conventional_accum.i_accum/i_fabric.i_common.i_phase_acc/opt_has_pipe.first_q_reg[3]/C is not reached by a timing clock
Related violations: <none>

TIMING-17#55 Critical Warning
Non-clocked sequential cell  
The clock pin RSMPL/sample_clk/U0/i_synth/i_dds/I_PHASEGEN.i_conventional_accum.i_accum/i_fabric.i_common.i_phase_acc/opt_has_pipe.first_q_reg[40]/C is not reached by a timing clock
Related violations: <none>

TIMING-17#56 Critical Warning
Non-clocked sequential cell  
The clock pin RSMPL/sample_clk/U0/i_synth/i_dds/I_PHASEGEN.i_conventional_accum.i_accum/i_fabric.i_common.i_phase_acc/opt_has_pipe.first_q_reg[41]/C is not reached by a timing clock
Related violations: <none>

TIMING-17#57 Critical Warning
Non-clocked sequential cell  
The clock pin RSMPL/sample_clk/U0/i_synth/i_dds/I_PHASEGEN.i_conventional_accum.i_accum/i_fabric.i_common.i_phase_acc/opt_has_pipe.first_q_reg[42]/C is not reached by a timing clock
Related violations: <none>

TIMING-17#58 Critical Warning
Non-clocked sequential cell  
The clock pin RSMPL/sample_clk/U0/i_synth/i_dds/I_PHASEGEN.i_conventional_accum.i_accum/i_fabric.i_common.i_phase_acc/opt_has_pipe.first_q_reg[43]/C is not reached by a timing clock
Related violations: <none>

TIMING-17#59 Critical Warning
Non-clocked sequential cell  
The clock pin RSMPL/sample_clk/U0/i_synth/i_dds/I_PHASEGEN.i_conventional_accum.i_accum/i_fabric.i_common.i_phase_acc/opt_has_pipe.first_q_reg[44]/C is not reached by a timing clock
Related violations: <none>

TIMING-17#60 Critical Warning
Non-clocked sequential cell  
The clock pin RSMPL/sample_clk/U0/i_synth/i_dds/I_PHASEGEN.i_conventional_accum.i_accum/i_fabric.i_common.i_phase_acc/opt_has_pipe.first_q_reg[45]/C is not reached by a timing clock
Related violations: <none>

TIMING-17#61 Critical Warning
Non-clocked sequential cell  
The clock pin RSMPL/sample_clk/U0/i_synth/i_dds/I_PHASEGEN.i_conventional_accum.i_accum/i_fabric.i_common.i_phase_acc/opt_has_pipe.first_q_reg[46]/C is not reached by a timing clock
Related violations: <none>

TIMING-17#62 Critical Warning
Non-clocked sequential cell  
The clock pin RSMPL/sample_clk/U0/i_synth/i_dds/I_PHASEGEN.i_conventional_accum.i_accum/i_fabric.i_common.i_phase_acc/opt_has_pipe.first_q_reg[47]/C is not reached by a timing clock
Related violations: <none>

TIMING-17#63 Critical Warning
Non-clocked sequential cell  
The clock pin RSMPL/sample_clk/U0/i_synth/i_dds/I_PHASEGEN.i_conventional_accum.i_accum/i_fabric.i_common.i_phase_acc/opt_has_pipe.first_q_reg[4]/C is not reached by a timing clock
Related violations: <none>

TIMING-17#64 Critical Warning
Non-clocked sequential cell  
The clock pin RSMPL/sample_clk/U0/i_synth/i_dds/I_PHASEGEN.i_conventional_accum.i_accum/i_fabric.i_common.i_phase_acc/opt_has_pipe.first_q_reg[5]/C is not reached by a timing clock
Related violations: <none>

TIMING-17#65 Critical Warning
Non-clocked sequential cell  
The clock pin RSMPL/sample_clk/U0/i_synth/i_dds/I_PHASEGEN.i_conventional_accum.i_accum/i_fabric.i_common.i_phase_acc/opt_has_pipe.first_q_reg[6]/C is not reached by a timing clock
Related violations: <none>

TIMING-17#66 Critical Warning
Non-clocked sequential cell  
The clock pin RSMPL/sample_clk/U0/i_synth/i_dds/I_PHASEGEN.i_conventional_accum.i_accum/i_fabric.i_common.i_phase_acc/opt_has_pipe.first_q_reg[7]/C is not reached by a timing clock
Related violations: <none>

TIMING-17#67 Critical Warning
Non-clocked sequential cell  
The clock pin RSMPL/sample_clk/U0/i_synth/i_dds/I_PHASEGEN.i_conventional_accum.i_accum/i_fabric.i_common.i_phase_acc/opt_has_pipe.first_q_reg[8]/C is not reached by a timing clock
Related violations: <none>

TIMING-17#68 Critical Warning
Non-clocked sequential cell  
The clock pin RSMPL/sample_clk/U0/i_synth/i_dds/I_PHASEGEN.i_conventional_accum.i_accum/i_fabric.i_common.i_phase_acc/opt_has_pipe.first_q_reg[9]/C is not reached by a timing clock
Related violations: <none>

TIMING-17#69 Critical Warning
Non-clocked sequential cell  
The clock pin RSMPL/sample_clk/U0/i_synth/i_dds/I_SINCOS.i_comp_eff.i_eff/MULT_PI_U/i_synth_option.i_synth_model/opt_vx7.i_uniwrap/i_primitive/CLK is not reached by a timing clock
Related violations: <none>

TIMING-17#70 Critical Warning
Non-clocked sequential cell  
The clock pin RSMPL/sample_clk/U0/i_synth/i_dds/I_SINCOS.i_comp_eff.i_eff/S1_SIN_U/i_synth_option.i_synth_model/opt_vx7.i_uniwrap/i_primitive/CLK is not reached by a timing clock
Related violations: <none>

TIMING-17#71 Critical Warning
Non-clocked sequential cell  
The clock pin RSMPL/sample_clk/U0/i_synth/i_dds/I_SINCOS.i_comp_eff.i_eff/STG3_DX_PI/opt_has_pipe.first_q_reg[0]/C is not reached by a timing clock
Related violations: <none>

TIMING-17#72 Critical Warning
Non-clocked sequential cell  
The clock pin RSMPL/sample_clk/U0/i_synth/i_dds/I_SINCOS.i_comp_eff.i_eff/STG3_DX_PI/opt_has_pipe.first_q_reg[10]/C is not reached by a timing clock
Related violations: <none>

TIMING-17#73 Critical Warning
Non-clocked sequential cell  
The clock pin RSMPL/sample_clk/U0/i_synth/i_dds/I_SINCOS.i_comp_eff.i_eff/STG3_DX_PI/opt_has_pipe.first_q_reg[11]/C is not reached by a timing clock
Related violations: <none>

TIMING-17#74 Critical Warning
Non-clocked sequential cell  
The clock pin RSMPL/sample_clk/U0/i_synth/i_dds/I_SINCOS.i_comp_eff.i_eff/STG3_DX_PI/opt_has_pipe.first_q_reg[12]/C is not reached by a timing clock
Related violations: <none>

TIMING-17#75 Critical Warning
Non-clocked sequential cell  
The clock pin RSMPL/sample_clk/U0/i_synth/i_dds/I_SINCOS.i_comp_eff.i_eff/STG3_DX_PI/opt_has_pipe.first_q_reg[13]/C is not reached by a timing clock
Related violations: <none>

TIMING-17#76 Critical Warning
Non-clocked sequential cell  
The clock pin RSMPL/sample_clk/U0/i_synth/i_dds/I_SINCOS.i_comp_eff.i_eff/STG3_DX_PI/opt_has_pipe.first_q_reg[14]/C is not reached by a timing clock
Related violations: <none>

TIMING-17#77 Critical Warning
Non-clocked sequential cell  
The clock pin RSMPL/sample_clk/U0/i_synth/i_dds/I_SINCOS.i_comp_eff.i_eff/STG3_DX_PI/opt_has_pipe.first_q_reg[15]/C is not reached by a timing clock
Related violations: <none>

TIMING-17#78 Critical Warning
Non-clocked sequential cell  
The clock pin RSMPL/sample_clk/U0/i_synth/i_dds/I_SINCOS.i_comp_eff.i_eff/STG3_DX_PI/opt_has_pipe.first_q_reg[16]/C is not reached by a timing clock
Related violations: <none>

TIMING-17#79 Critical Warning
Non-clocked sequential cell  
The clock pin RSMPL/sample_clk/U0/i_synth/i_dds/I_SINCOS.i_comp_eff.i_eff/STG3_DX_PI/opt_has_pipe.first_q_reg[17]/C is not reached by a timing clock
Related violations: <none>

TIMING-17#80 Critical Warning
Non-clocked sequential cell  
The clock pin RSMPL/sample_clk/U0/i_synth/i_dds/I_SINCOS.i_comp_eff.i_eff/STG3_DX_PI/opt_has_pipe.first_q_reg[1]/C is not reached by a timing clock
Related violations: <none>

TIMING-17#81 Critical Warning
Non-clocked sequential cell  
The clock pin RSMPL/sample_clk/U0/i_synth/i_dds/I_SINCOS.i_comp_eff.i_eff/STG3_DX_PI/opt_has_pipe.first_q_reg[2]/C is not reached by a timing clock
Related violations: <none>

TIMING-17#82 Critical Warning
Non-clocked sequential cell  
The clock pin RSMPL/sample_clk/U0/i_synth/i_dds/I_SINCOS.i_comp_eff.i_eff/STG3_DX_PI/opt_has_pipe.first_q_reg[3]/C is not reached by a timing clock
Related violations: <none>

TIMING-17#83 Critical Warning
Non-clocked sequential cell  
The clock pin RSMPL/sample_clk/U0/i_synth/i_dds/I_SINCOS.i_comp_eff.i_eff/STG3_DX_PI/opt_has_pipe.first_q_reg[4]/C is not reached by a timing clock
Related violations: <none>

TIMING-17#84 Critical Warning
Non-clocked sequential cell  
The clock pin RSMPL/sample_clk/U0/i_synth/i_dds/I_SINCOS.i_comp_eff.i_eff/STG3_DX_PI/opt_has_pipe.first_q_reg[5]/C is not reached by a timing clock
Related violations: <none>

TIMING-17#85 Critical Warning
Non-clocked sequential cell  
The clock pin RSMPL/sample_clk/U0/i_synth/i_dds/I_SINCOS.i_comp_eff.i_eff/STG3_DX_PI/opt_has_pipe.first_q_reg[6]/C is not reached by a timing clock
Related violations: <none>

TIMING-17#86 Critical Warning
Non-clocked sequential cell  
The clock pin RSMPL/sample_clk/U0/i_synth/i_dds/I_SINCOS.i_comp_eff.i_eff/STG3_DX_PI/opt_has_pipe.first_q_reg[7]/C is not reached by a timing clock
Related violations: <none>

TIMING-17#87 Critical Warning
Non-clocked sequential cell  
The clock pin RSMPL/sample_clk/U0/i_synth/i_dds/I_SINCOS.i_comp_eff.i_eff/STG3_DX_PI/opt_has_pipe.first_q_reg[8]/C is not reached by a timing clock
Related violations: <none>

TIMING-17#88 Critical Warning
Non-clocked sequential cell  
The clock pin RSMPL/sample_clk/U0/i_synth/i_dds/I_SINCOS.i_comp_eff.i_eff/STG3_DX_PI/opt_has_pipe.first_q_reg[9]/C is not reached by a timing clock
Related violations: <none>

TIMING-17#89 Critical Warning
Non-clocked sequential cell  
The clock pin RSMPL/sample_clk/U0/i_synth/i_dds/I_SINCOS.i_comp_eff.i_eff/STG3_SIN_DELAY/opt_has_pipe.first_q_reg[35]/C is not reached by a timing clock
Related violations: <none>

TIMING-17#90 Critical Warning
Non-clocked sequential cell  
The clock pin RSMPL/sample_clk/U0/i_synth/i_dds/I_SINCOS.i_comp_eff.i_eff/STG3_SIN_DELAY/opt_has_pipe.first_q_reg[36]/C is not reached by a timing clock
Related violations: <none>

TIMING-17#91 Critical Warning
Non-clocked sequential cell  
The clock pin RSMPL/sample_clk/U0/i_synth/i_dds/I_SINCOS.i_comp_eff.i_eff/STG3_SIN_DELAY/opt_has_pipe.first_q_reg[37]/C is not reached by a timing clock
Related violations: <none>

TIMING-17#92 Critical Warning
Non-clocked sequential cell  
The clock pin RSMPL/sample_clk/U0/i_synth/i_dds/I_SINCOS.i_comp_eff.i_eff/STG3_SIN_DELAY/opt_has_pipe.first_q_reg[38]/C is not reached by a timing clock
Related violations: <none>

TIMING-17#93 Critical Warning
Non-clocked sequential cell  
The clock pin RSMPL/sample_clk/U0/i_synth/i_dds/I_SINCOS.i_comp_eff.i_eff/STG3_SIN_DELAY/opt_has_pipe.first_q_reg[39]/C is not reached by a timing clock
Related violations: <none>

TIMING-17#94 Critical Warning
Non-clocked sequential cell  
The clock pin RSMPL/sample_clk/U0/i_synth/i_dds/I_SINCOS.i_comp_eff.i_eff/STG3_SIN_DELAY/opt_has_pipe.first_q_reg[40]/C is not reached by a timing clock
Related violations: <none>

TIMING-17#95 Critical Warning
Non-clocked sequential cell  
The clock pin RSMPL/sample_clk/U0/i_synth/i_dds/I_SINCOS.i_comp_eff.i_eff/STG3_SIN_DELAY/opt_has_pipe.first_q_reg[41]/C is not reached by a timing clock
Related violations: <none>

TIMING-17#96 Critical Warning
Non-clocked sequential cell  
The clock pin RSMPL/sample_clk/U0/i_synth/i_dds/I_SINCOS.i_comp_eff.i_eff/STG3_SIN_DELAY/opt_has_pipe.first_q_reg[42]/C is not reached by a timing clock
Related violations: <none>

TIMING-17#97 Critical Warning
Non-clocked sequential cell  
The clock pin RSMPL/sample_clk/U0/i_synth/i_dds/I_SINCOS.i_comp_eff.i_eff/STG3_SIN_DELAY/opt_has_pipe.first_q_reg[43]/C is not reached by a timing clock
Related violations: <none>

TIMING-17#98 Critical Warning
Non-clocked sequential cell  
The clock pin RSMPL/sample_clk/U0/i_synth/i_dds/I_SINCOS.i_comp_eff.i_eff/STG3_SIN_DELAY/opt_has_pipe.first_q_reg[44]/C is not reached by a timing clock
Related violations: <none>

TIMING-17#99 Critical Warning
Non-clocked sequential cell  
The clock pin RSMPL/sample_clk/U0/i_synth/i_dds/I_SINCOS.i_comp_eff.i_eff/STG3_SIN_DELAY/opt_has_pipe.first_q_reg[45]/C is not reached by a timing clock
Related violations: <none>

TIMING-17#100 Critical Warning
Non-clocked sequential cell  
The clock pin RSMPL/sample_clk/U0/i_synth/i_dds/I_SINCOS.i_comp_eff.i_eff/STG3_SIN_DELAY/opt_has_pipe.first_q_reg[46]/C is not reached by a timing clock
Related violations: <none>

TIMING-17#101 Critical Warning
Non-clocked sequential cell  
The clock pin RSMPL/sample_clk/U0/i_synth/i_dds/I_SINCOS.i_comp_eff.i_eff/STG3_SIN_DELAY/opt_has_pipe.first_q_reg[47]/C is not reached by a timing clock
Related violations: <none>

TIMING-17#102 Critical Warning
Non-clocked sequential cell  
The clock pin RSMPL/sample_clk/U0/i_synth/i_dds/I_SINCOS.i_std_rom.i_rom/i_rtl.i_half_table.i_block_rom.i_pipe_1.pre_asyn_sin_RAM_op_reg/CLKARDCLK is not reached by a timing clock
Related violations: <none>

TIMING-17#103 Critical Warning
Non-clocked sequential cell  
The clock pin RSMPL/sample_clk/U0/i_synth/i_dds/I_SINCOS.i_std_rom.i_rom/i_rtl.i_half_table.i_block_rom.i_pipe_1.pre_asyn_sin_RAM_op_reg/CLKBWRCLK is not reached by a timing clock
Related violations: <none>

TIMING-17#104 Critical Warning
Non-clocked sequential cell  
The clock pin RSMPL/sample_clk/U0/i_synth/i_dds/I_SINCOS.i_std_rom.i_rom/i_rtl.i_half_table.i_has_cos.i_addr_reg_b/opt_has_pipe.first_q_reg[0]/C is not reached by a timing clock
Related violations: <none>

TIMING-17#105 Critical Warning
Non-clocked sequential cell  
The clock pin RSMPL/sample_clk/U0/i_synth/i_dds/I_SINCOS.i_std_rom.i_rom/i_rtl.i_half_table.i_has_cos.i_addr_reg_b/opt_has_pipe.first_q_reg[1]/C is not reached by a timing clock
Related violations: <none>

TIMING-17#106 Critical Warning
Non-clocked sequential cell  
The clock pin RSMPL/sample_clk/U0/i_synth/i_dds/I_SINCOS.i_std_rom.i_rom/i_rtl.i_half_table.i_has_cos.i_addr_reg_b/opt_has_pipe.first_q_reg[2]/C is not reached by a timing clock
Related violations: <none>

TIMING-17#107 Critical Warning
Non-clocked sequential cell  
The clock pin RSMPL/sample_clk/U0/i_synth/i_dds/I_SINCOS.i_std_rom.i_rom/i_rtl.i_half_table.i_has_cos.i_addr_reg_b/opt_has_pipe.first_q_reg[3]/C is not reached by a timing clock
Related violations: <none>

TIMING-17#108 Critical Warning
Non-clocked sequential cell  
The clock pin RSMPL/sample_clk/U0/i_synth/i_dds/I_SINCOS.i_std_rom.i_rom/i_rtl.i_half_table.i_has_cos.i_addr_reg_b/opt_has_pipe.first_q_reg[4]/C is not reached by a timing clock
Related violations: <none>

TIMING-17#109 Critical Warning
Non-clocked sequential cell  
The clock pin RSMPL/sample_clk/U0/i_synth/i_dds/I_SINCOS.i_std_rom.i_rom/i_rtl.i_half_table.i_has_cos.i_addr_reg_b/opt_has_pipe.first_q_reg[5]/C is not reached by a timing clock
Related violations: <none>

TIMING-17#110 Critical Warning
Non-clocked sequential cell  
The clock pin RSMPL/sample_clk/U0/i_synth/i_dds/I_SINCOS.i_std_rom.i_rom/i_rtl.i_half_table.i_has_cos.i_addr_reg_b/opt_has_pipe.first_q_reg[6]/C is not reached by a timing clock
Related violations: <none>

TIMING-17#111 Critical Warning
Non-clocked sequential cell  
The clock pin RSMPL/sample_clk/U0/i_synth/i_dds/I_SINCOS.i_std_rom.i_rom/i_rtl.i_half_table.i_has_cos.i_addr_reg_b/opt_has_pipe.first_q_reg[7]/C is not reached by a timing clock
Related violations: <none>

TIMING-17#112 Critical Warning
Non-clocked sequential cell  
The clock pin RSMPL/sample_clk/U0/i_synth/i_dds/I_SINCOS.i_std_rom.i_rom/i_rtl.i_half_table.i_has_cos.i_addr_reg_b/opt_has_pipe.first_q_reg[8]/C is not reached by a timing clock
Related violations: <none>

TIMING-17#113 Critical Warning
Non-clocked sequential cell  
The clock pin RSMPL/sample_clk/U0/i_synth/i_dds/I_SINCOS.i_std_rom.i_rom/i_rtl.i_half_table.i_has_cos.i_addr_reg_b/opt_has_pipe.first_q_reg[9]/C is not reached by a timing clock
Related violations: <none>

TIMING-17#114 Critical Warning
Non-clocked sequential cell  
The clock pin RSMPL/sample_clk/U0/i_synth/i_dds/I_SINCOS.i_std_rom.i_rom/i_rtl.i_half_table.i_has_sin.i_addr_reg_a/opt_has_pipe.first_q_reg[0]/C is not reached by a timing clock
Related violations: <none>

TIMING-17#115 Critical Warning
Non-clocked sequential cell  
The clock pin RSMPL/sample_clk/U0/i_synth/i_dds/I_SINCOS.i_std_rom.i_rom/i_rtl.i_half_table.i_has_sin.i_addr_reg_a/opt_has_pipe.first_q_reg[1]/C is not reached by a timing clock
Related violations: <none>

TIMING-17#116 Critical Warning
Non-clocked sequential cell  
The clock pin RSMPL/sample_clk/U0/i_synth/i_dds/I_SINCOS.i_std_rom.i_rom/i_rtl.i_half_table.i_has_sin.i_addr_reg_a/opt_has_pipe.first_q_reg[2]/C is not reached by a timing clock
Related violations: <none>

TIMING-17#117 Critical Warning
Non-clocked sequential cell  
The clock pin RSMPL/sample_clk/U0/i_synth/i_dds/I_SINCOS.i_std_rom.i_rom/i_rtl.i_half_table.i_has_sin.i_addr_reg_a/opt_has_pipe.first_q_reg[3]/C is not reached by a timing clock
Related violations: <none>

TIMING-17#118 Critical Warning
Non-clocked sequential cell  
The clock pin RSMPL/sample_clk/U0/i_synth/i_dds/I_SINCOS.i_std_rom.i_rom/i_rtl.i_half_table.i_has_sin.i_addr_reg_a/opt_has_pipe.first_q_reg[4]/C is not reached by a timing clock
Related violations: <none>

TIMING-17#119 Critical Warning
Non-clocked sequential cell  
The clock pin RSMPL/sample_clk/U0/i_synth/i_dds/I_SINCOS.i_std_rom.i_rom/i_rtl.i_half_table.i_has_sin.i_addr_reg_a/opt_has_pipe.first_q_reg[5]/C is not reached by a timing clock
Related violations: <none>

TIMING-17#120 Critical Warning
Non-clocked sequential cell  
The clock pin RSMPL/sample_clk/U0/i_synth/i_dds/I_SINCOS.i_std_rom.i_rom/i_rtl.i_half_table.i_has_sin.i_addr_reg_a/opt_has_pipe.first_q_reg[6]/C is not reached by a timing clock
Related violations: <none>

TIMING-17#121 Critical Warning
Non-clocked sequential cell  
The clock pin RSMPL/sample_clk/U0/i_synth/i_dds/I_SINCOS.i_std_rom.i_rom/i_rtl.i_half_table.i_has_sin.i_addr_reg_a/opt_has_pipe.first_q_reg[7]/C is not reached by a timing clock
Related violations: <none>

TIMING-17#122 Critical Warning
Non-clocked sequential cell  
The clock pin RSMPL/sample_clk/U0/i_synth/i_dds/I_SINCOS.i_std_rom.i_rom/i_rtl.i_half_table.i_has_sin.i_addr_reg_a/opt_has_pipe.first_q_reg[8]/C is not reached by a timing clock
Related violations: <none>

TIMING-17#123 Critical Warning
Non-clocked sequential cell  
The clock pin RSMPL/sample_clk/U0/i_synth/i_dds/I_SINCOS.i_std_rom.i_rom/i_rtl.i_half_table.i_has_sin.i_addr_reg_a/opt_has_pipe.first_q_reg[9]/C is not reached by a timing clock
Related violations: <none>

TIMING-17#124 Critical Warning
Non-clocked sequential cell  
The clock pin RSMPL/sample_clk/U0/i_synth/i_dds/I_SINCOS.i_std_rom.i_rom/i_rtl.i_half_table.i_rom_reg_a/opt_has_pipe.first_q_reg[0]/C is not reached by a timing clock
Related violations: <none>

TIMING-17#125 Critical Warning
Non-clocked sequential cell  
The clock pin RSMPL/sample_clk/U0/i_synth/i_dds/I_SINCOS.i_std_rom.i_rom/i_rtl.i_half_table.i_rom_reg_a/opt_has_pipe.first_q_reg[10]/C is not reached by a timing clock
Related violations: <none>

TIMING-17#126 Critical Warning
Non-clocked sequential cell  
The clock pin RSMPL/sample_clk/U0/i_synth/i_dds/I_SINCOS.i_std_rom.i_rom/i_rtl.i_half_table.i_rom_reg_a/opt_has_pipe.first_q_reg[11]/C is not reached by a timing clock
Related violations: <none>

TIMING-17#127 Critical Warning
Non-clocked sequential cell  
The clock pin RSMPL/sample_clk/U0/i_synth/i_dds/I_SINCOS.i_std_rom.i_rom/i_rtl.i_half_table.i_rom_reg_a/opt_has_pipe.first_q_reg[1]/C is not reached by a timing clock
Related violations: <none>

TIMING-17#128 Critical Warning
Non-clocked sequential cell  
The clock pin RSMPL/sample_clk/U0/i_synth/i_dds/I_SINCOS.i_std_rom.i_rom/i_rtl.i_half_table.i_rom_reg_a/opt_has_pipe.first_q_reg[2]/C is not reached by a timing clock
Related violations: <none>

TIMING-17#129 Critical Warning
Non-clocked sequential cell  
The clock pin RSMPL/sample_clk/U0/i_synth/i_dds/I_SINCOS.i_std_rom.i_rom/i_rtl.i_half_table.i_rom_reg_a/opt_has_pipe.first_q_reg[3]/C is not reached by a timing clock
Related violations: <none>

TIMING-17#130 Critical Warning
Non-clocked sequential cell  
The clock pin RSMPL/sample_clk/U0/i_synth/i_dds/I_SINCOS.i_std_rom.i_rom/i_rtl.i_half_table.i_rom_reg_a/opt_has_pipe.first_q_reg[4]/C is not reached by a timing clock
Related violations: <none>

TIMING-17#131 Critical Warning
Non-clocked sequential cell  
The clock pin RSMPL/sample_clk/U0/i_synth/i_dds/I_SINCOS.i_std_rom.i_rom/i_rtl.i_half_table.i_rom_reg_a/opt_has_pipe.first_q_reg[5]/C is not reached by a timing clock
Related violations: <none>

TIMING-17#132 Critical Warning
Non-clocked sequential cell  
The clock pin RSMPL/sample_clk/U0/i_synth/i_dds/I_SINCOS.i_std_rom.i_rom/i_rtl.i_half_table.i_rom_reg_a/opt_has_pipe.first_q_reg[6]/C is not reached by a timing clock
Related violations: <none>

TIMING-17#133 Critical Warning
Non-clocked sequential cell  
The clock pin RSMPL/sample_clk/U0/i_synth/i_dds/I_SINCOS.i_std_rom.i_rom/i_rtl.i_half_table.i_rom_reg_a/opt_has_pipe.first_q_reg[7]/C is not reached by a timing clock
Related violations: <none>

TIMING-17#134 Critical Warning
Non-clocked sequential cell  
The clock pin RSMPL/sample_clk/U0/i_synth/i_dds/I_SINCOS.i_std_rom.i_rom/i_rtl.i_half_table.i_rom_reg_a/opt_has_pipe.first_q_reg[8]/C is not reached by a timing clock
Related violations: <none>

TIMING-17#135 Critical Warning
Non-clocked sequential cell  
The clock pin RSMPL/sample_clk/U0/i_synth/i_dds/I_SINCOS.i_std_rom.i_rom/i_rtl.i_half_table.i_rom_reg_a/opt_has_pipe.first_q_reg[9]/C is not reached by a timing clock
Related violations: <none>

TIMING-17#136 Critical Warning
Non-clocked sequential cell  
The clock pin RSMPL/sample_clk/U0/i_synth/i_dds/I_SINCOS.i_std_rom.i_rom/i_rtl.i_half_table.i_rom_reg_b/opt_has_pipe.first_q_reg[0]/C is not reached by a timing clock
Related violations: <none>

TIMING-17#137 Critical Warning
Non-clocked sequential cell  
The clock pin RSMPL/sample_clk/U0/i_synth/i_dds/I_SINCOS.i_std_rom.i_rom/i_rtl.i_half_table.i_rom_reg_b/opt_has_pipe.first_q_reg[10]/C is not reached by a timing clock
Related violations: <none>

TIMING-17#138 Critical Warning
Non-clocked sequential cell  
The clock pin RSMPL/sample_clk/U0/i_synth/i_dds/I_SINCOS.i_std_rom.i_rom/i_rtl.i_half_table.i_rom_reg_b/opt_has_pipe.first_q_reg[11]/C is not reached by a timing clock
Related violations: <none>

TIMING-17#139 Critical Warning
Non-clocked sequential cell  
The clock pin RSMPL/sample_clk/U0/i_synth/i_dds/I_SINCOS.i_std_rom.i_rom/i_rtl.i_half_table.i_rom_reg_b/opt_has_pipe.first_q_reg[1]/C is not reached by a timing clock
Related violations: <none>

TIMING-17#140 Critical Warning
Non-clocked sequential cell  
The clock pin RSMPL/sample_clk/U0/i_synth/i_dds/I_SINCOS.i_std_rom.i_rom/i_rtl.i_half_table.i_rom_reg_b/opt_has_pipe.first_q_reg[2]/C is not reached by a timing clock
Related violations: <none>

TIMING-17#141 Critical Warning
Non-clocked sequential cell  
The clock pin RSMPL/sample_clk/U0/i_synth/i_dds/I_SINCOS.i_std_rom.i_rom/i_rtl.i_half_table.i_rom_reg_b/opt_has_pipe.first_q_reg[3]/C is not reached by a timing clock
Related violations: <none>

TIMING-17#142 Critical Warning
Non-clocked sequential cell  
The clock pin RSMPL/sample_clk/U0/i_synth/i_dds/I_SINCOS.i_std_rom.i_rom/i_rtl.i_half_table.i_rom_reg_b/opt_has_pipe.first_q_reg[4]/C is not reached by a timing clock
Related violations: <none>

TIMING-17#143 Critical Warning
Non-clocked sequential cell  
The clock pin RSMPL/sample_clk/U0/i_synth/i_dds/I_SINCOS.i_std_rom.i_rom/i_rtl.i_half_table.i_rom_reg_b/opt_has_pipe.first_q_reg[5]/C is not reached by a timing clock
Related violations: <none>

TIMING-17#144 Critical Warning
Non-clocked sequential cell  
The clock pin RSMPL/sample_clk/U0/i_synth/i_dds/I_SINCOS.i_std_rom.i_rom/i_rtl.i_half_table.i_rom_reg_b/opt_has_pipe.first_q_reg[6]/C is not reached by a timing clock
Related violations: <none>

TIMING-17#145 Critical Warning
Non-clocked sequential cell  
The clock pin RSMPL/sample_clk/U0/i_synth/i_dds/I_SINCOS.i_std_rom.i_rom/i_rtl.i_half_table.i_rom_reg_b/opt_has_pipe.first_q_reg[7]/C is not reached by a timing clock
Related violations: <none>

TIMING-17#146 Critical Warning
Non-clocked sequential cell  
The clock pin RSMPL/sample_clk/U0/i_synth/i_dds/I_SINCOS.i_std_rom.i_rom/i_rtl.i_half_table.i_rom_reg_b/opt_has_pipe.first_q_reg[8]/C is not reached by a timing clock
Related violations: <none>

TIMING-17#147 Critical Warning
Non-clocked sequential cell  
The clock pin RSMPL/sample_clk/U0/i_synth/i_dds/I_SINCOS.i_std_rom.i_rom/i_rtl.i_half_table.i_rom_reg_b/opt_has_pipe.first_q_reg[9]/C is not reached by a timing clock
Related violations: <none>

TIMING-17#148 Critical Warning
Non-clocked sequential cell  
The clock pin RSMPL/sample_clk/U0/i_synth/i_pinc_poff_in.i_single_channel_prog_pinc.axi_pinc_in_reg[10]/C is not reached by a timing clock
Related violations: <none>

TIMING-17#149 Critical Warning
Non-clocked sequential cell  
The clock pin RSMPL/sample_clk/U0/i_synth/i_pinc_poff_in.i_single_channel_prog_pinc.axi_pinc_in_reg[11]/C is not reached by a timing clock
Related violations: <none>

TIMING-17#150 Critical Warning
Non-clocked sequential cell  
The clock pin RSMPL/sample_clk/U0/i_synth/i_pinc_poff_in.i_single_channel_prog_pinc.axi_pinc_in_reg[13]/C is not reached by a timing clock
Related violations: <none>

TIMING-17#151 Critical Warning
Non-clocked sequential cell  
The clock pin RSMPL/sample_clk/U0/i_synth/i_pinc_poff_in.i_single_channel_prog_pinc.axi_pinc_in_reg[14]/C is not reached by a timing clock
Related violations: <none>

TIMING-17#152 Critical Warning
Non-clocked sequential cell  
The clock pin RSMPL/sample_clk/U0/i_synth/i_pinc_poff_in.i_single_channel_prog_pinc.axi_pinc_in_reg[15]/C is not reached by a timing clock
Related violations: <none>

TIMING-17#153 Critical Warning
Non-clocked sequential cell  
The clock pin RSMPL/sample_clk/U0/i_synth/i_pinc_poff_in.i_single_channel_prog_pinc.axi_pinc_in_reg[16]/C is not reached by a timing clock
Related violations: <none>

TIMING-17#154 Critical Warning
Non-clocked sequential cell  
The clock pin RSMPL/sample_clk/U0/i_synth/i_pinc_poff_in.i_single_channel_prog_pinc.axi_pinc_in_reg[20]/C is not reached by a timing clock
Related violations: <none>

TIMING-17#155 Critical Warning
Non-clocked sequential cell  
The clock pin RSMPL/sample_clk/U0/i_synth/i_pinc_poff_in.i_single_channel_prog_pinc.axi_pinc_in_reg[22]/C is not reached by a timing clock
Related violations: <none>

TIMING-17#156 Critical Warning
Non-clocked sequential cell  
The clock pin RSMPL/sample_clk/U0/i_synth/i_pinc_poff_in.i_single_channel_prog_pinc.axi_pinc_in_reg[27]/C is not reached by a timing clock
Related violations: <none>

TIMING-17#157 Critical Warning
Non-clocked sequential cell  
The clock pin RSMPL/sample_clk/U0/i_synth/i_pinc_poff_in.i_single_channel_prog_pinc.axi_pinc_in_reg[28]/C is not reached by a timing clock
Related violations: <none>

TIMING-17#158 Critical Warning
Non-clocked sequential cell  
The clock pin RSMPL/sample_clk/U0/i_synth/i_pinc_poff_in.i_single_channel_prog_pinc.axi_pinc_in_reg[29]/C is not reached by a timing clock
Related violations: <none>

TIMING-17#159 Critical Warning
Non-clocked sequential cell  
The clock pin RSMPL/sample_clk/U0/i_synth/i_pinc_poff_in.i_single_channel_prog_pinc.axi_pinc_in_reg[31]/C is not reached by a timing clock
Related violations: <none>

TIMING-17#160 Critical Warning
Non-clocked sequential cell  
The clock pin RSMPL/sample_clk/U0/i_synth/i_pinc_poff_in.i_single_channel_prog_pinc.axi_pinc_in_reg[33]/C is not reached by a timing clock
Related violations: <none>

TIMING-17#161 Critical Warning
Non-clocked sequential cell  
The clock pin RSMPL/sample_clk/U0/i_synth/i_pinc_poff_in.i_single_channel_prog_pinc.axi_pinc_in_reg[34]/C is not reached by a timing clock
Related violations: <none>

TIMING-17#162 Critical Warning
Non-clocked sequential cell  
The clock pin RSMPL/sample_clk/U0/i_synth/i_pinc_poff_in.i_single_channel_prog_pinc.axi_pinc_in_reg[35]/C is not reached by a timing clock
Related violations: <none>

TIMING-17#163 Critical Warning
Non-clocked sequential cell  
The clock pin RSMPL/sample_clk/U0/i_synth/i_pinc_poff_in.i_single_channel_prog_pinc.axi_pinc_in_reg[3]/C is not reached by a timing clock
Related violations: <none>

TIMING-17#164 Critical Warning
Non-clocked sequential cell  
The clock pin RSMPL/sample_clk/U0/i_synth/i_pinc_poff_in.i_single_channel_prog_pinc.axi_pinc_in_reg[40]/C is not reached by a timing clock
Related violations: <none>

TIMING-17#165 Critical Warning
Non-clocked sequential cell  
The clock pin RSMPL/sample_clk/U0/i_synth/i_pinc_poff_in.i_single_channel_prog_pinc.axi_pinc_in_reg[42]/C is not reached by a timing clock
Related violations: <none>

TIMING-17#166 Critical Warning
Non-clocked sequential cell  
The clock pin RSMPL/sample_clk/U0/i_synth/i_pinc_poff_in.i_single_channel_prog_pinc.axi_pinc_in_reg[4]/C is not reached by a timing clock
Related violations: <none>

TIMING-17#167 Critical Warning
Non-clocked sequential cell  
The clock pin RSMPL/sample_clk/U0/i_synth/i_pinc_poff_in.i_single_channel_prog_pinc.axi_pinc_in_reg[7]/C is not reached by a timing clock
Related violations: <none>

TIMING-17#168 Critical Warning
Non-clocked sequential cell  
The clock pin RSMPL/sample_clk/U0/i_synth/i_pinc_poff_in.i_single_channel_prog_pinc.axi_pinc_in_reg[9]/C is not reached by a timing clock
Related violations: <none>

TIMING-17#169 Critical Warning
Non-clocked sequential cell  
The clock pin RSMPL/w_update_F_reg/C is not reached by a timing clock
Related violations: <none>

LUTAR-1#1 Warning
LUT drives async reset alert  
LUT cell RSMPL/r_dds_done_count_i_1, with 2 or more inputs, drives asynchronous preset/clear pin(s) RSMPL/r_dds_done_count_reg/CLR. The LUT may glitch and trigger an unexpected reset, even if it is a properly timed path.
Related violations: <none>


