Copyright 1986-2022 Xilinx, Inc. All Rights Reserved. Copyright 2022-2024 Advanced Micro Devices, Inc. All Rights Reserved.
---------------------------------------------------------------------------------------------------------------------------------------------
| Tool Version : Vivado v.2024.1 (win64) Build 5076996 Wed May 22 18:37:14 MDT 2024
| Date         : Sun Nov 10 20:31:07 2024
| Host         : DESKTOP-DNC9NIR running 64-bit major release  (build 9200)
| Command      : report_drc -file ADC_CONTROL_TOP_drc_routed.rpt -pb ADC_CONTROL_TOP_drc_routed.pb -rpx ADC_CONTROL_TOP_drc_routed.rpx
| Design       : ADC_CONTROL_TOP
| Device       : xc7a35tcpg236-1
| Speed File   : -1
| Design State : Fully Routed
---------------------------------------------------------------------------------------------------------------------------------------------

Report DRC

Table of Contents
-----------------
1. REPORT SUMMARY
2. REPORT DETAILS

1. REPORT SUMMARY
-----------------
            Netlist: netlist
          Floorplan: design_1
      Design limits: <entire design considered>
           Ruledeck: default
             Max violations: <unlimited>
             Violations found: 4
+-------------+----------+-------------------------------------------------------------+------------+
| Rule        | Severity | Description                                                 | Violations |
+-------------+----------+-------------------------------------------------------------+------------+
| CFGBVS-1    | Warning  | Missing CFGBVS and CONFIG_VOLTAGE Design Properties         | 1          |
| PDRC-153    | Warning  | Gated clock check                                           | 2          |
| PLHOLDVIO-2 | Warning  | Non-Optimal connections which could lead to hold violations | 1          |
+-------------+----------+-------------------------------------------------------------+------------+

2. REPORT DETAILS
-----------------
CFGBVS-1#1 Warning
Missing CFGBVS and CONFIG_VOLTAGE Design Properties  
Neither the CFGBVS nor CONFIG_VOLTAGE voltage property is set in the current_design.  Configuration bank voltage select (CFGBVS) must be set to VCCO or GND, and CONFIG_VOLTAGE must be set to the correct configuration voltage, in order to determine the I/O voltage support for the pins in bank 0.  It is suggested to specify these either using the 'Edit Device Properties' function in the GUI or directly in the XDC file using the following syntax:

 set_property CFGBVS value1 [current_design]
 #where value1 is either VCCO or GND

 set_property CONFIG_VOLTAGE value2 [current_design]
 #where value2 is the voltage provided to configuration bank 0

Refer to the device configuration user guide for more information.
Related violations: <none>

PDRC-153#1 Warning
Gated clock check  
Net i_outval_reg_i_2_n_0 is a gated clock net sourced by a combinational pin i_outval_reg_i_2/O, cell i_outval_reg_i_2. This is not good design practice and will likely impact performance. For SLICE registers, for example, use the CE pin to control the loading of data.
Related violations: <none>

PDRC-153#2 Warning
Gated clock check  
Net pulse_gen_1_SDACLK/EXT_EXT_SCK_POS_ADC_CONTROL_TO_ADC_B_OUT_OBUF is a gated clock net sourced by a combinational pin pulse_gen_1_SDACLK/EXT_EXT_SCK_POS_ADC_CONTROL_TO_ADC_A_OUT_OBUF_inst_i_1/O, cell pulse_gen_1_SDACLK/EXT_EXT_SCK_POS_ADC_CONTROL_TO_ADC_A_OUT_OBUF_inst_i_1. This is not good design practice and will likely impact performance. For SLICE registers, for example, use the CE pin to control the loading of data.
Related violations: <none>

PLHOLDVIO-2#1 Warning
Non-Optimal connections which could lead to hold violations  
A LUT pulse_gen_1_SDACLK/EXT_EXT_SCK_POS_ADC_CONTROL_TO_ADC_A_OUT_OBUF_inst_i_1 is driving clock pin of 22 cells. This could lead to large hold time violations. Involved cells are:
adc_ctrl1/serial_clk_count_reg[0], adc_ctrl1/serial_clk_count_reg[1],
adc_ctrl1/serial_clk_count_reg[2], adc_ctrl1/serial_clk_count_reg[3],
adc_ctrl1/serial_clk_count_reg[4], adc_ctrl1/serial_clk_count_reg[5],
adc_ctrl1/serial_data_adc_1_reg[0], adc_ctrl1/serial_data_adc_1_reg[10],
adc_ctrl1/serial_data_adc_1_reg[11], adc_ctrl1/serial_data_adc_1_reg[12],
adc_ctrl1/serial_data_adc_1_reg[13], adc_ctrl1/serial_data_adc_1_reg[14],
adc_ctrl1/serial_data_adc_1_reg[15], adc_ctrl1/serial_data_adc_1_reg[1],
adc_ctrl1/serial_data_adc_1_reg[2] (the first 15 of 22 listed)
Related violations: <none>


